06-19 14:28:59 com_github_MitjaNemec_ReplicateLayout.action_replicate_layout 400:Plugin executed on: 'win32'
06-19 14:28:59 com_github_MitjaNemec_ReplicateLayout.action_replicate_layout 401:Plugin executed with python version: '3.9.14 (main, Feb 13 2023, 04:48:26) [MSC v.1934 64 bit (AMD64)]'
06-19 14:28:59 com_github_MitjaNemec_ReplicateLayout.action_replicate_layout 402:KiCad build version: 7.0.1
06-19 14:28:59 com_github_MitjaNemec_ReplicateLayout.action_replicate_layout 403:Plugin version: 2.1.0
06-19 14:28:59 com_github_MitjaNemec_ReplicateLayout.action_replicate_layout 404:Frame repr: <wx._core.Frame object at 0x000001D2A7D3F940>
06-19 14:28:59 com_github_MitjaNemec_ReplicateLayout.action_replicate_layout 428:Preparing replicator with U6 as a reference
06-19 14:28:59 com_github_MitjaNemec_ReplicateLayout.replicate_layout 116:getting a list of all footprints on board
06-19 14:28:59 com_github_MitjaNemec_ReplicateLayout.action_replicate_layout 476:source anchor footprint is 'U6'
Located on: ['Y MTQ Drive']
With filenames: ['magnetotorquer-driver.kicad_sch']
With sheet_id:['Y MTQ Drive']
06-19 14:28:59 com_github_MitjaNemec_ReplicateLayout.action_replicate_layout 483:Corresponding footprints are 
[('U12', ['Z MTQ Drive']), ('U9', ['X MTQ Drive']), ('U6', ['Y MTQ Drive'])]
06-19 14:28:59 com_github_MitjaNemec_ReplicateLayout.action_replicate_layout 495:Showing dialog
06-19 14:28:59 com_github_MitjaNemec_ReplicateLayout.replicate_layout 403:constructing a list of sheets suitable for replication on level:'Y MTQ Drive', file:'magnetotorquer-driver.kicad_sch'
06-19 14:28:59 com_github_MitjaNemec_ReplicateLayout.replicate_layout 440:suitable sheets are:[['X MTQ Drive'], ['Z MTQ Drive']]
06-19 14:28:59 com_github_MitjaNemec_ReplicateLayout.replicate_layout 1411:Level selected: ['Y MTQ Drive']
06-19 14:28:59 com_github_MitjaNemec_ReplicateLayout.replicate_layout 1246:Filtering list of tracks
06-19 14:28:59 com_github_MitjaNemec_ReplicateLayout.action_replicate_layout 501:Toolbar position: wx.Point(1693, 133)
06-19 14:28:59 com_github_MitjaNemec_ReplicateLayout.action_replicate_layout 506:Dialog position: wx.Point(1331, 133)
06-19 14:29:01 com_github_MitjaNemec_ReplicateLayout.replicate_layout 403:constructing a list of sheets suitable for replication on level:'Y MTQ Drive', file:'magnetotorquer-driver.kicad_sch'
06-19 14:29:01 com_github_MitjaNemec_ReplicateLayout.replicate_layout 440:suitable sheets are:[['X MTQ Drive'], ['Z MTQ Drive']]
06-19 14:29:01 com_github_MitjaNemec_ReplicateLayout.replicate_layout 1411:Level selected: ['Y MTQ Drive']
06-19 14:29:01 com_github_MitjaNemec_ReplicateLayout.replicate_layout 1246:Filtering list of tracks
06-19 14:29:02 com_github_MitjaNemec_ReplicateLayout.replicate_layout 403:constructing a list of sheets suitable for replication on level:'Y MTQ Drive', file:'magnetotorquer-driver.kicad_sch'
06-19 14:29:02 com_github_MitjaNemec_ReplicateLayout.replicate_layout 440:suitable sheets are:[['X MTQ Drive'], ['Z MTQ Drive']]
06-19 14:29:02 com_github_MitjaNemec_ReplicateLayout.replicate_layout 1411:Level selected: ['Y MTQ Drive']
06-19 14:29:02 com_github_MitjaNemec_ReplicateLayout.replicate_layout 1246:Filtering list of tracks
06-19 14:29:05 com_github_MitjaNemec_ReplicateLayout.replicate_layout 403:constructing a list of sheets suitable for replication on level:'Y MTQ Drive', file:'magnetotorquer-driver.kicad_sch'
06-19 14:29:05 com_github_MitjaNemec_ReplicateLayout.replicate_layout 440:suitable sheets are:[['X MTQ Drive'], ['Z MTQ Drive']]
06-19 14:29:05 com_github_MitjaNemec_ReplicateLayout.action_replicate_layout 248:Replicating layout
06-19 14:29:05 com_github_MitjaNemec_ReplicateLayout.replicate_layout 239:Starting replication of sheets: [['X MTQ Drive'], ['Z MTQ Drive']]
on level: ['Y MTQ Drive']
with tracks=True, zone=True, text=True, text=True, intersecting=False, remove=False, locked footprints=False, group_only=False
06-19 14:29:05 root 340:updating GUI message: 'Preparing for replication'
06-19 14:29:05 root 345:updating GUI with: 0
06-19 14:29:05 com_github_MitjaNemec_ReplicateLayout.replicate_layout 309:Getting the list of source footprints
06-19 14:29:05 com_github_MitjaNemec_ReplicateLayout.replicate_layout 319:Getting the list of all the remaining footprints
06-19 14:29:05 com_github_MitjaNemec_ReplicateLayout.replicate_layout 326:Getting source tracks
06-19 14:29:05 com_github_MitjaNemec_ReplicateLayout.replicate_layout 1246:Filtering list of tracks
06-19 14:29:05 com_github_MitjaNemec_ReplicateLayout.replicate_layout 330:Getting source zones
06-19 14:29:05 com_github_MitjaNemec_ReplicateLayout.replicate_layout 334:Getting source text items
06-19 14:29:05 root 345:updating GUI with: 66
06-19 14:29:05 com_github_MitjaNemec_ReplicateLayout.replicate_layout 338:Getting source drawing items
06-19 14:29:05 root 340:updating GUI message: 'Replicating footprints'
06-19 14:29:05 com_github_MitjaNemec_ReplicateLayout.replicate_layout 754:Replicating footprints
06-19 14:29:05 com_github_MitjaNemec_ReplicateLayout.replicate_layout 761:Replicating footprints on sheet ['X MTQ Drive']
06-19 14:29:05 com_github_MitjaNemec_ReplicateLayout.replicate_layout 761:Replicating footprints on sheet ['Z MTQ Drive']
06-19 14:29:05 root 340:updating GUI message: 'Replicating tracks'
06-19 14:29:05 com_github_MitjaNemec_ReplicateLayout.replicate_layout 924:Replicating tracks
06-19 14:29:05 com_github_MitjaNemec_ReplicateLayout.replicate_layout 930:Replicating tracks on sheet ['X MTQ Drive']
06-19 14:29:05 com_github_MitjaNemec_ReplicateLayout.replicate_layout 749:Net pairs for sheet ['X MTQ Drive'] :[('/MID_REF', '/MID_REF'), ('/3V3_MTQD', '/3V3_MTQD'), ('/5V_MTQD', '/5V_MTQD'), ('/Y MTQ Drive/OUT2', '/X MTQ Drive/OUT2'), ('Net-(U6-~{SHDN})', 'Net-(U9-~{SHDN})'), ('/~{Y_HB_SLEEP}', '/~{X_HB_SLEEP}'), ('/~{Y_AMP_SHDN}', '/~{X_AMP_SHDN}'), ('/Y_ISENSE', '/X_ISENSE'), ('/Y-', '/X-'), ('Net-(U7-VM)', 'Net-(U10-VM)'), ('/3V3_MTQA', '/3V3_MTQA'), ('GND', 'GND'), ('Net-(U7-PH)', 'Net-(U10-PH)'), ('/Y_VCTRL', '/X_VCTRL'), ('/Y+', '/X+'), ('Net-(U6--)', 'Net-(U9--)'), ('Net-(U7-~{SLEEP})', 'Net-(U10-~{SLEEP})'), ('/Y_PH_EN', '/X_HB_PH'), ('', ''), ('Net-(U7-EN)', 'Net-(U10-EN)'), ('/Y_HB_PH', '/X_PH_EN'), ('Net-(U6-+)', 'Net-(U9-+)')]
06-19 14:29:05 com_github_MitjaNemec_ReplicateLayout.replicate_layout 930:Replicating tracks on sheet ['Z MTQ Drive']
06-19 14:29:05 com_github_MitjaNemec_ReplicateLayout.replicate_layout 749:Net pairs for sheet ['Z MTQ Drive'] :[('/MID_REF', '/MID_REF'), ('/3V3_MTQD', '/3V3_MTQD'), ('/5V_MTQD', '/5V_MTQD'), ('Net-(U6-~{SHDN})', 'Net-(U12-~{SHDN})'), ('Net-(U7-EN)', 'Net-(U13-EN)'), ('/Y MTQ Drive/OUT2', '/Z MTQ Drive/OUT2'), ('Net-(U7-VM)', 'Net-(U13-VM)'), ('/~{Y_AMP_SHDN}', '/~{Z_AMP_SHDN}'), ('Net-(U6-+)', 'Net-(U12-+)'), ('/~{Y_HB_SLEEP}', '/~{Z_HB_SLEEP}'), ('/Y-', '/Z-'), ('/Y+', '/Z+'), ('/Y_HB_PH', '/Z_PH_EN'), ('/3V3_MTQA', '/3V3_MTQA'), ('GND', 'GND'), ('Net-(U7-~{SLEEP})', 'Net-(U13-~{SLEEP})'), ('/Y_VCTRL', '/Z_VCTRL'), ('Net-(U6--)', 'Net-(U12--)'), ('', ''), ('/Y_ISENSE', '/Z_ISENSE'), ('Net-(U7-PH)', 'Net-(U13-PH)'), ('/Y_PH_EN', '/Z_HB_PH')]
06-19 14:29:05 root 340:updating GUI message: 'Replicating zones'
06-19 14:29:05 com_github_MitjaNemec_ReplicateLayout.replicate_layout 994:Replicating zones
06-19 14:29:05 com_github_MitjaNemec_ReplicateLayout.replicate_layout 1001:Replicating zones on sheet ['X MTQ Drive']
06-19 14:29:05 com_github_MitjaNemec_ReplicateLayout.replicate_layout 749:Net pairs for sheet ['X MTQ Drive'] :[('/MID_REF', '/MID_REF'), ('/3V3_MTQD', '/3V3_MTQD'), ('/5V_MTQD', '/5V_MTQD'), ('/Y MTQ Drive/OUT2', '/X MTQ Drive/OUT2'), ('Net-(U6-~{SHDN})', 'Net-(U9-~{SHDN})'), ('/~{Y_HB_SLEEP}', '/~{X_HB_SLEEP}'), ('/~{Y_AMP_SHDN}', '/~{X_AMP_SHDN}'), ('/Y_ISENSE', '/X_ISENSE'), ('/Y-', '/X-'), ('Net-(U7-VM)', 'Net-(U10-VM)'), ('/3V3_MTQA', '/3V3_MTQA'), ('GND', 'GND'), ('Net-(U7-PH)', 'Net-(U10-PH)'), ('/Y_VCTRL', '/X_VCTRL'), ('/Y+', '/X+'), ('Net-(U6--)', 'Net-(U9--)'), ('Net-(U7-~{SLEEP})', 'Net-(U10-~{SLEEP})'), ('/Y_PH_EN', '/X_HB_PH'), ('', ''), ('Net-(U7-EN)', 'Net-(U10-EN)'), ('/Y_HB_PH', '/X_PH_EN'), ('Net-(U6-+)', 'Net-(U9-+)')]
06-19 14:29:05 com_github_MitjaNemec_ReplicateLayout.replicate_layout 1001:Replicating zones on sheet ['Z MTQ Drive']
06-19 14:29:05 com_github_MitjaNemec_ReplicateLayout.replicate_layout 749:Net pairs for sheet ['Z MTQ Drive'] :[('/MID_REF', '/MID_REF'), ('/3V3_MTQD', '/3V3_MTQD'), ('/5V_MTQD', '/5V_MTQD'), ('Net-(U6-~{SHDN})', 'Net-(U12-~{SHDN})'), ('Net-(U7-EN)', 'Net-(U13-EN)'), ('/Y MTQ Drive/OUT2', '/Z MTQ Drive/OUT2'), ('Net-(U7-VM)', 'Net-(U13-VM)'), ('/~{Y_AMP_SHDN}', '/~{Z_AMP_SHDN}'), ('Net-(U6-+)', 'Net-(U12-+)'), ('/~{Y_HB_SLEEP}', '/~{Z_HB_SLEEP}'), ('/Y-', '/Z-'), ('/Y+', '/Z+'), ('/Y_HB_PH', '/Z_PH_EN'), ('/3V3_MTQA', '/3V3_MTQA'), ('GND', 'GND'), ('Net-(U7-~{SLEEP})', 'Net-(U13-~{SLEEP})'), ('/Y_VCTRL', '/Z_VCTRL'), ('Net-(U6--)', 'Net-(U12--)'), ('', ''), ('/Y_ISENSE', '/Z_ISENSE'), ('Net-(U7-PH)', 'Net-(U13-PH)'), ('/Y_PH_EN', '/Z_HB_PH')]
06-19 14:29:05 root 340:updating GUI message: 'Replicating text'
06-19 14:29:05 com_github_MitjaNemec_ReplicateLayout.replicate_layout 1083:Replicating text
06-19 14:29:05 root 345:updating GUI with: 0
06-19 14:29:05 com_github_MitjaNemec_ReplicateLayout.replicate_layout 1090:Replicating text on sheet ['X MTQ Drive']
06-19 14:29:05 com_github_MitjaNemec_ReplicateLayout.replicate_layout 1090:Replicating text on sheet ['Z MTQ Drive']
06-19 14:29:05 root 340:updating GUI message: 'Replicating drawings'
06-19 14:29:05 com_github_MitjaNemec_ReplicateLayout.replicate_layout 1134:Replicating drawings
06-19 14:29:05 com_github_MitjaNemec_ReplicateLayout.replicate_layout 1140:Replicating drawings on sheet ['X MTQ Drive']
06-19 14:29:05 com_github_MitjaNemec_ReplicateLayout.replicate_layout 1140:Replicating drawings on sheet ['Z MTQ Drive']
06-19 14:29:06 com_github_MitjaNemec_ReplicateLayout.action_replicate_layout 264:Replication complete
